<?xml version="1.0" encoding="UTF-8"?>
<!-- Generated by org.testng.reporters.JUnitReportReporter -->
<testsuite hostname="U3-DPE-CPB-0153" name="com.dss.test.dss.subscription.SubscriptionTests" tests="1" failures="0" timestamp="20 May 2016 06:13:58 GMT" time="128.318" errors="0">
  <testcase name="BuyPrintPlusDigitalSubscriptionOutSideAreaZIPWithNonSSOR" time="128.318" classname="com.dss.test.dss.subscription.SubscriptionTests"/>
</testsuite> <!-- com.dss.test.dss.subscription.SubscriptionTests -->
